<?xml version="1.0" encoding="UTF-8"?>
<!-- Generated by org.testng.reporters.JUnitReportReporter -->
<testsuite hostname="Shashis-MBP" failures="0" tests="1" name="qaclickacademy.Mavenjava.AppiumTest" time="0.005" errors="0" timestamp="2020-11-19T17:42:52 CST" skipped="0">
  <testcase classname="qaclickacademy.Mavenjava.AppiumTest" name="osTest" time="0.005"/>
  <system-out/>
</testsuite> <!-- qaclickacademy.Mavenjava.AppiumTest -->
