<?xml version="1.0" encoding="UTF-8"?>
<!-- Generated by org.testng.reporters.JUnitReportReporter -->
<testsuite hostname="Shashis-MBP" failures="0" tests="2" name="qaclickacademy.Mavenjava.RESTAPITest" time="0.006" errors="0" timestamp="2020-11-19T17:40:54 CST" skipped="0">
  <testcase classname="qaclickacademy.Mavenjava.RESTAPITest" name="getResponse" time="0.000"/>
  <system-out/>
  <testcase classname="qaclickacademy.Mavenjava.RESTAPITest" name="getRequest" time="0.006"/>
  <system-out/>
</testsuite> <!-- qaclickacademy.Mavenjava.RESTAPITest -->
