<?xml version="1.0" encoding="UTF-8"?>
<!-- Generated by org.testng.reporters.JUnitReportReporter -->
<testsuite hostname="Shashis-MBP" failures="0" tests="2" name="qaclickacademy.Mavenjava.SeleniumTest" time="0.000" errors="0" timestamp="2020-11-20T08:27:30 CST" skipped="1">
  <testcase classname="qaclickacademy.Mavenjava.SeleniumTest" name="elementTest" time="0.000"/>
  <system-out/>
  <testcase classname="qaclickacademy.Mavenjava.SeleniumTest" name="browserAutomation">
    <skipped/>
  </testcase> <!-- browserAutomation -->
  <system-out/>
</testsuite> <!-- qaclickacademy.Mavenjava.SeleniumTest -->
