<?xml version="1.0" encoding="UTF-8"?>
<!-- Generated by org.testng.reporters.JUnitReportReporter -->
<testsuite hostname="Shashis-MBP" failures="0" tests="1" name="qaclickacademy.Mavenjava.RESTAPITest" time="0.003" errors="0" timestamp="2020-11-20T08:27:30 CST" skipped="0">
  <testcase classname="qaclickacademy.Mavenjava.RESTAPITest" name="getResponse" time="0.003"/>
  <system-out/>
</testsuite> <!-- qaclickacademy.Mavenjava.RESTAPITest -->
