<?xml version="1.0" encoding="UTF-8"?>
<!-- Generated by org.testng.reporters.JUnitReportReporter -->
<testsuite hostname="Shashis-MBP" failures="0" tests="1" name="qaclickacademy.Mavenjava.AppiumTest" time="0.000" errors="0" timestamp="2020-11-20T08:26:36 CST" skipped="0">
  <testcase classname="qaclickacademy.Mavenjava.AppiumTest" name="androidTest" time="0.000"/>
  <system-out/>
</testsuite> <!-- qaclickacademy.Mavenjava.AppiumTest -->
